Initial State:3 4 5
0 Pour 0 -> 1: 0 7 5
1 Pour 1 -> 2: 0 0 12
2 Pour 2 -> 0: 10 0 2
3 Pour 0 -> 1: 0 10 2
4 Pour 1 -> 2: 0 0 12
5 Pour 2 -> 0: 10 0 2
6 Pour 0 -> 1: 0 10 2
7 Pour 1 -> 2: 0 0 12
8 Pour 2 -> 0: 10 0 2
9 Pour 0 -> 1: 0 10 2
10 Pour 1 -> 2: 0 0 12
11 Pour 2 -> 0: 10 0 2
12 Pour 0 -> 1: 0 10 2
13 Pour 1 -> 2: 0 0 12
14 Pour 2 -> 0: 10 0 2
15 Pour 0 -> 1: 0 10 2
16 Pour 1 -> 2: 0 0 12
17 Pour 2 -> 0: 10 0 2
18 Pour 0 -> 1: 0 10 2
19 Pour 1 -> 2: 0 0 12
20 Pour 2 -> 0: 10 0 2
21 Pour 0 -> 1: 0 10 2
22 Pour 1 -> 2: 0 0 12
23 Pour 2 -> 0: 10 0 2
24 Pour 0 -> 1: 0 10 2
25 Pour 1 -> 2: 0 0 12
26 Pour 2 -> 0: 10 0 2
27 Pour 0 -> 1: 0 10 2
28 Pour 1 -> 2: 0 0 12
29 Pour 2 -> 0: 10 0 2
30 Pour 0 -> 1: 0 10 2
31 Pour 1 -> 2: 0 0 12
32 Pour 2 -> 0: 10 0 2
33 Pour 0 -> 1: 0 10 2
34 Pour 1 -> 2: 0 0 12
35 Pour 2 -> 0: 10 0 2
36 Pour 0 -> 1: 0 10 2
37 Pour 1 -> 2: 0 0 12
38 Pour 2 -> 0: 10 0 2
39 Pour 0 -> 1: 0 10 2
40 Pour 1 -> 2: 0 0 12
41 Pour 2 -> 0: 10 0 2
42 Pour 0 -> 1: 0 10 2
43 Pour 1 -> 2: 0 0 12
44 Pour 2 -> 0: 10 0 2
45 Pour 0 -> 1: 0 10 2
46 Pour 1 -> 2: 0 0 12
47 Pour 2 -> 0: 10 0 2
48 Pour 0 -> 1: 0 10 2
49 Pour 1 -> 2: 0 0 12
50 Pour 2 -> 0: 10 0 2
51 Pour 0 -> 1: 0 10 2
52 Pour 1 -> 2: 0 0 12
53 Pour 2 -> 0: 10 0 2
54 Pour 0 -> 1: 0 10 2
55 Pour 1 -> 2: 0 0 12
56 Pour 2 -> 0: 10 0 2
57 Pour 0 -> 1: 0 10 2
58 Pour 1 -> 2: 0 0 12
59 Pour 2 -> 0: 10 0 2
60 Pour 0 -> 1: 0 10 2
61 Pour 1 -> 2: 0 0 12
62 Pour 2 -> 0: 10 0 2
63 Pour 0 -> 1: 0 10 2
64 Pour 1 -> 2: 0 0 12
65 Pour 2 -> 0: 10 0 2
66 Pour 0 -> 1: 0 10 2
67 Pour 1 -> 2: 0 0 12
68 Pour 2 -> 0: 10 0 2
69 Pour 0 -> 1: 0 10 2
70 Pour 1 -> 2: 0 0 12
71 Pour 2 -> 0: 10 0 2
72 Pour 0 -> 1: 0 10 2
73 Pour 1 -> 2: 0 0 12
74 Pour 2 -> 0: 10 0 2
75 Pour 0 -> 1: 0 10 2
76 Pour 1 -> 2: 0 0 12
77 Pour 2 -> 0: 10 0 2
78 Pour 0 -> 1: 0 10 2
79 Pour 1 -> 2: 0 0 12
80 Pour 2 -> 0: 10 0 2
81 Pour 0 -> 1: 0 10 2
82 Pour 1 -> 2: 0 0 12
83 Pour 2 -> 0: 10 0 2
84 Pour 0 -> 1: 0 10 2
85 Pour 1 -> 2: 0 0 12
86 Pour 2 -> 0: 10 0 2
87 Pour 0 -> 1: 0 10 2
88 Pour 1 -> 2: 0 0 12
89 Pour 2 -> 0: 10 0 2
90 Pour 0 -> 1: 0 10 2
91 Pour 1 -> 2: 0 0 12
92 Pour 2 -> 0: 10 0 2
93 Pour 0 -> 1: 0 10 2
94 Pour 1 -> 2: 0 0 12
95 Pour 2 -> 0: 10 0 2
96 Pour 0 -> 1: 0 10 2
97 Pour 1 -> 2: 0 0 12
98 Pour 2 -> 0: 10 0 2
99 Pour 0 -> 1: 0 10 2
0
10
2
